2022-05-08 15:32:50,059 INFO o.a.j.u.JMeterUtils: Setting Locale to en_IN
2022-05-08 15:32:50,084 INFO o.a.j.JMeter: Loading user properties from: user.properties
2022-05-08 15:32:50,085 INFO o.a.j.JMeter: Loading system properties from: system.properties
2022-05-08 15:32:50,085 INFO o.a.j.JMeter: Setting JMeter property: threads=10
2022-05-08 15:32:50,085 INFO o.a.j.JMeter: Setting JMeter property: serverip=20.232.161.71
2022-05-08 15:32:50,091 INFO o.a.j.JMeter: Copyright (c) 1998-2021 The Apache Software Foundation
2022-05-08 15:32:50,091 INFO o.a.j.JMeter: Version 5.4.3
2022-05-08 15:32:50,092 INFO o.a.j.JMeter: java.version=11.0.13
2022-05-08 15:32:50,092 INFO o.a.j.JMeter: java.vm.name=OpenJDK 64-Bit Server VM
2022-05-08 15:32:50,092 INFO o.a.j.JMeter: os.name=Linux
2022-05-08 15:32:50,092 INFO o.a.j.JMeter: os.arch=amd64
2022-05-08 15:32:50,092 INFO o.a.j.JMeter: os.version=5.13.0-28-generic
2022-05-08 15:32:50,092 INFO o.a.j.JMeter: file.encoding=UTF-8
2022-05-08 15:32:50,092 INFO o.a.j.JMeter: java.awt.headless=true
2022-05-08 15:32:50,092 INFO o.a.j.JMeter: Max memory     =2042626048
2022-05-08 15:32:50,092 INFO o.a.j.JMeter: Available Processors =8
2022-05-08 15:32:50,100 INFO o.a.j.JMeter: Default Locale=English (India)
2022-05-08 15:32:50,100 INFO o.a.j.JMeter: JMeter  Locale=English (India)
2022-05-08 15:32:50,100 INFO o.a.j.JMeter: JMeterHome=/home/arb/Desktop/apache-jmeter-5.4.3
2022-05-08 15:32:50,100 INFO o.a.j.JMeter: user.dir  =/home/arb/Desktop/apache-jmeter-5.4.3/bin
2022-05-08 15:32:50,101 INFO o.a.j.JMeter: PWD       =/home/arb/Desktop/apache-jmeter-5.4.3/bin
2022-05-08 15:32:50,101 INFO o.a.j.JMeter: IP: 127.0.1.1 Name: arbitrix FullName: arbitrix
2022-05-08 15:32:50,105 INFO o.a.j.s.FileServer: Default base='/home/arb/Desktop/apache-jmeter-5.4.3/bin'
2022-05-08 15:32:50,106 INFO o.a.j.s.FileServer: Set new base='/home/arb/Desktop/apache-jmeter-5.4.3/bin/./testscripts'
2022-05-08 15:32:50,328 INFO o.a.j.s.SaveService: Testplan (JMX) version: 2.2. Testlog (JTL) version: 2.2
2022-05-08 15:32:50,350 INFO o.a.j.s.SaveService: Using SaveService properties version 5.0
2022-05-08 15:32:50,354 INFO o.a.j.s.SaveService: Using SaveService properties file encoding UTF-8
2022-05-08 15:32:50,357 INFO o.a.j.s.SaveService: Loading file: ./testscripts/test1.jmx
2022-05-08 15:32:50,425 INFO o.a.j.p.h.s.HTTPSamplerBase: Parser for text/html is org.apache.jmeter.protocol.http.parser.LagartoBasedHtmlParser
2022-05-08 15:32:50,425 INFO o.a.j.p.h.s.HTTPSamplerBase: Parser for application/xhtml+xml is org.apache.jmeter.protocol.http.parser.LagartoBasedHtmlParser
2022-05-08 15:32:50,425 INFO o.a.j.p.h.s.HTTPSamplerBase: Parser for application/xml is org.apache.jmeter.protocol.http.parser.LagartoBasedHtmlParser
2022-05-08 15:32:50,425 INFO o.a.j.p.h.s.HTTPSamplerBase: Parser for text/xml is org.apache.jmeter.protocol.http.parser.LagartoBasedHtmlParser
2022-05-08 15:32:50,425 INFO o.a.j.p.h.s.HTTPSamplerBase: Parser for text/vnd.wap.wml is org.apache.jmeter.protocol.http.parser.RegexpHTMLParser
2022-05-08 15:32:50,426 INFO o.a.j.p.h.s.HTTPSamplerBase: Parser for text/css is org.apache.jmeter.protocol.http.parser.CssParser
2022-05-08 15:32:50,446 INFO o.a.j.JMeter: Creating summariser <summary>
2022-05-08 15:32:50,451 INFO o.a.j.e.StandardJMeterEngine: Running the test!
2022-05-08 15:32:50,452 INFO o.a.j.s.SampleEvent: List of sample_variables: []
2022-05-08 15:32:50,452 INFO o.a.j.s.SampleEvent: List of sample_variables: []
2022-05-08 15:32:50,461 INFO o.a.j.e.u.CompoundVariable: Note: Function class names must contain the string: '.functions.'
2022-05-08 15:32:50,461 INFO o.a.j.e.u.CompoundVariable: Note: Function class names must not contain the string: '.gui.'
2022-05-08 15:32:50,740 INFO o.a.j.JMeter: Running test (1652004170740)
2022-05-08 15:32:50,765 INFO o.a.j.e.StandardJMeterEngine: Starting ThreadGroup: 1 : Thread Group
2022-05-08 15:32:50,766 INFO o.a.j.e.StandardJMeterEngine: Starting 10 threads for group Thread Group.
2022-05-08 15:32:50,766 INFO o.a.j.e.StandardJMeterEngine: Thread will continue on error
2022-05-08 15:32:50,766 INFO o.a.j.t.ThreadGroup: Starting thread group... number=1 threads=10 ramp-up=1 delayedStart=false
2022-05-08 15:32:50,776 INFO o.a.j.t.JMeterThread: Thread started: Thread Group 1-1
2022-05-08 15:32:50,778 INFO o.a.j.t.ThreadGroup: Started thread group number 1
2022-05-08 15:32:50,779 INFO o.a.j.e.StandardJMeterEngine: All thread groups have been started
2022-05-08 15:32:50,796 INFO o.a.j.p.h.s.HTTPHCAbstractImpl: Local host = arbitrix
2022-05-08 15:32:50,803 INFO o.a.j.p.h.s.HTTPHC4Impl: HTTP request retry count = 0
2022-05-08 15:32:50,805 INFO o.a.j.s.SampleResult: Note: Sample TimeStamps are START times
2022-05-08 15:32:50,805 INFO o.a.j.s.SampleResult: sampleresult.default.encoding is set to ISO-8859-1
2022-05-08 15:32:50,805 INFO o.a.j.s.SampleResult: sampleresult.useNanoTime=true
2022-05-08 15:32:50,805 INFO o.a.j.s.SampleResult: sampleresult.nanoThreadSleep=5000
2022-05-08 15:32:50,872 INFO o.a.j.t.JMeterThread: Thread started: Thread Group 1-2
2022-05-08 15:32:50,969 INFO o.a.j.t.JMeterThread: Thread started: Thread Group 1-3
2022-05-08 15:32:51,069 INFO o.a.j.t.JMeterThread: Thread started: Thread Group 1-4
2022-05-08 15:32:51,168 INFO o.a.j.t.JMeterThread: Thread started: Thread Group 1-5
2022-05-08 15:32:51,268 INFO o.a.j.t.JMeterThread: Thread started: Thread Group 1-6
2022-05-08 15:32:51,368 INFO o.a.j.t.JMeterThread: Thread started: Thread Group 1-7
2022-05-08 15:32:51,468 INFO o.a.j.t.JMeterThread: Thread started: Thread Group 1-8
2022-05-08 15:32:51,567 INFO o.a.j.t.JMeterThread: Thread started: Thread Group 1-9
2022-05-08 15:32:51,668 INFO o.a.j.t.JMeterThread: Thread started: Thread Group 1-10
2022-05-08 15:32:58,915 INFO o.a.j.t.JMeterThread: Thread is done: Thread Group 1-1
2022-05-08 15:32:58,915 INFO o.a.j.t.JMeterThread: Thread finished: Thread Group 1-1
2022-05-08 15:32:58,967 INFO o.a.j.t.JMeterThread: Thread is done: Thread Group 1-9
2022-05-08 15:32:58,967 INFO o.a.j.t.JMeterThread: Thread finished: Thread Group 1-9
2022-05-08 15:33:02,539 INFO o.a.j.r.Summariser: summary +      3 in 00:00:12 =    0.3/s Avg:  8989 Min:  7396 Max: 11565 Err:     0 (0.00%) Active: 8 Started: 10 Finished: 2
2022-05-08 15:33:02,539 INFO o.a.j.t.JMeterThread: Thread is done: Thread Group 1-3
2022-05-08 15:33:02,540 INFO o.a.j.t.JMeterThread: Thread finished: Thread Group 1-3
2022-05-08 15:33:04,021 INFO o.a.j.t.JMeterThread: Thread is done: Thread Group 1-2
2022-05-08 15:33:04,021 INFO o.a.j.t.JMeterThread: Thread finished: Thread Group 1-2
2022-05-08 15:33:05,214 INFO o.a.j.t.JMeterThread: Thread is done: Thread Group 1-4
2022-05-08 15:33:05,214 INFO o.a.j.t.JMeterThread: Thread finished: Thread Group 1-4
2022-05-08 15:33:05,459 INFO o.a.j.t.JMeterThread: Thread is done: Thread Group 1-8
2022-05-08 15:33:05,459 INFO o.a.j.t.JMeterThread: Thread finished: Thread Group 1-8
2022-05-08 15:33:06,949 INFO o.a.j.t.JMeterThread: Thread is done: Thread Group 1-10
2022-05-08 15:33:06,949 INFO o.a.j.t.JMeterThread: Thread finished: Thread Group 1-10
2022-05-08 15:33:07,938 INFO o.a.j.t.JMeterThread: Thread is done: Thread Group 1-6
2022-05-08 15:33:07,938 INFO o.a.j.t.JMeterThread: Thread finished: Thread Group 1-6
2022-05-08 15:33:10,039 INFO o.a.j.t.JMeterThread: Thread is done: Thread Group 1-5
2022-05-08 15:33:10,040 INFO o.a.j.t.JMeterThread: Thread finished: Thread Group 1-5
2022-05-08 15:33:11,289 INFO o.a.j.t.JMeterThread: Thread is done: Thread Group 1-7
2022-05-08 15:33:11,289 INFO o.a.j.t.JMeterThread: Thread finished: Thread Group 1-7
2022-05-08 15:33:11,290 INFO o.a.j.e.StandardJMeterEngine: Notifying test listeners of end of test
2022-05-08 15:33:11,292 INFO o.a.j.r.Summariser: summary +      7 in 00:00:09 =    0.8/s Avg: 15998 Min: 13133 Max: 19918 Err:     0 (0.00%) Active: 0 Started: 10 Finished: 10
2022-05-08 15:33:11,293 INFO o.a.j.r.Summariser: summary =     10 in 00:00:21 =    0.5/s Avg: 13895 Min:  7396 Max: 19918 Err:     0 (0.00%)
